03.12.2023 05:08:22.103 [main] INFO   u.UFO00AcceptChallengeService - Answer was received. isAccepted: true; message: Ви прийняли виклик; next page: climbCaptainBridge.jsp
03.12.2023 05:08:22.145 [main] INFO   u.UFO00AcceptChallengeServiceTest - callTestTrue was done
03.12.2023 05:08:22.169 [main] INFO   u.UFO00AcceptChallengeService - Answer was received. isAccepted: false; message: Ви відхилили виклик; next page: losePage.jsp
03.12.2023 05:08:22.170 [main] INFO   u.UFO00AcceptChallengeServiceTest - callTestFalse was done
03.12.2023 05:08:22.183 [main] INFO   u.UFO01CaptainBridgeService - Answer was received. isAccepted: true; message: Ви піднялися на капітанський місток; next page: whoAreYou.jsp
03.12.2023 05:08:22.184 [main] INFO   u.UFO01CaptainBridgeServiceTest - callTestTrue was done
03.12.2023 05:08:22.187 [main] INFO   u.UFO01CaptainBridgeService - Answer was received. isAccepted: false; message: Ви відмовилися підніматися на капітанський місток. Ви не пішли на переговори!; next page: losePage.jsp
03.12.2023 05:08:22.189 [main] INFO   u.UFO01CaptainBridgeServiceTest - callTestFalse was done
03.12.2023 05:08:22.195 [main] INFO   u.UFO02WhoAreYouService - Answer was received. isAccepted: true; message: Ви розповіли правду про себе; next page: youWon.jsp
03.12.2023 05:08:22.196 [main] INFO   u.UFO02WhoAreYouServiceTest - callTestTrue was done
03.12.2023 05:08:22.198 [main] INFO   u.UFO02WhoAreYouService - Answer was received. isAccepted: false; message: Ви збрехали про себе. Ваша брехня була викрита!; next page: losePage.jsp
03.12.2023 05:08:22.198 [main] INFO   u.UFO02WhoAreYouServiceTest - callTestFalse was done
03.12.2023 05:08:24.953 [main] INFO   u.UFO00AcceptChallengeService - Answer was received. isAccepted: true; message: Ви прийняли виклик; next page: climbCaptainBridge.jsp
03.12.2023 05:08:24.956 [main] INFO   u.w.UFO00ChallengeServlet - Answer was received. Message: Ви прийняли виклик; forwarding to page: climbCaptainBridge.jsp; status was set: 200.
03.12.2023 05:23:58.371 [main] INFO   u.UFO00AcceptChallengeService - Answer was received. isAccepted: true; message: Ви прийняли виклик; next page: climbCaptainBridge.jsp
03.12.2023 05:23:58.418 [main] INFO   u.UFO00AcceptChallengeServiceTest - callTestTrue was done
03.12.2023 05:23:58.450 [main] INFO   u.UFO00AcceptChallengeService - Answer was received. isAccepted: false; message: Ви відхилили виклик; next page: losePage.jsp
03.12.2023 05:23:58.457 [main] INFO   u.UFO00AcceptChallengeServiceTest - callTestFalse was done
03.12.2023 05:23:58.475 [main] INFO   u.UFO01CaptainBridgeService - Answer was received. isAccepted: true; message: Ви піднялися на капітанський місток; next page: whoAreYou.jsp
03.12.2023 05:23:58.476 [main] INFO   u.UFO01CaptainBridgeServiceTest - callTestTrue was done
03.12.2023 05:23:58.480 [main] INFO   u.UFO01CaptainBridgeService - Answer was received. isAccepted: false; message: Ви відмовилися підніматися на капітанський місток. Ви не пішли на переговори!; next page: losePage.jsp
03.12.2023 05:23:58.481 [main] INFO   u.UFO01CaptainBridgeServiceTest - callTestFalse was done
03.12.2023 05:23:58.503 [main] INFO   u.UFO02WhoAreYouService - Answer was received. isAccepted: true; message: Ви розповіли правду про себе; next page: youWon.jsp
03.12.2023 05:23:58.503 [main] INFO   u.UFO02WhoAreYouServiceTest - callTestTrue was done
03.12.2023 05:23:58.507 [main] INFO   u.UFO02WhoAreYouService - Answer was received. isAccepted: false; message: Ви збрехали про себе. Ваша брехня була викрита!; next page: losePage.jsp
03.12.2023 05:23:58.508 [main] INFO   u.UFO02WhoAreYouServiceTest - callTestFalse was done
03.12.2023 05:24:00.539 [main] INFO   u.UFO00AcceptChallengeService - Answer was received. isAccepted: true; message: Ви прийняли виклик; next page: climbCaptainBridge.jsp
03.12.2023 05:24:00.541 [main] INFO   u.w.UFO00ChallengeServlet - Answer was received. Message: Ви прийняли виклик; forwarding to page: climbCaptainBridge.jsp; status was set: 200.
03.12.2023 05:24:39.117 [main] INFO   u.UFO00AcceptChallengeService - Answer was received. isAccepted: true; message: Р’Рё РїСЂРёР№РЅСЏР»Рё РІРёРєР»РёРє; next page: climbCaptainBridge.jsp
03.12.2023 05:24:39.132 [main] INFO   u.w.UFO00ChallengeServlet - Answer was received. Message: Р’Рё РїСЂРёР№РЅСЏР»Рё РІРёРєР»РёРє; forwarding to page: climbCaptainBridge.jsp; status was set: 200.
03.12.2023 05:33:49.622 [main] INFO   u.UFO00AcceptChallengeService - Answer was received. isAccepted: true; message: Р’Рё РїСЂРёР№РЅСЏР»Рё РІРёРєР»РёРє; next page: climbCaptainBridge.jsp
03.12.2023 05:33:49.641 [main] INFO   u.w.UFO00ChallengeServlet - Answer was received. Message: Р’Рё РїСЂРёР№РЅСЏР»Рё РІРёРєР»РёРє; forwarding to page: climbCaptainBridge.jsp; status was set: 200.
03.12.2023 05:40:51.694 [main] INFO   u.UFO00AcceptChallengeService - Answer was received. isAccepted: false; message: Р’Рё РІС–РґС…РёР»РёР»Рё РІРёРєР»РёРє; next page: losePage.jsp
03.12.2023 05:40:51.700 [main] INFO   u.w.UFO00ChallengeServlet - Answer was received. Message: Р’Рё РІС–РґС…РёР»РёР»Рё РІРёРєР»РёРє; forwarding to page: losePage.jsp; status was set: 200.
